<?xml version="1.0" encoding="UTF-8"?>
<!-- Generated by org.testng.reporters.JUnitReportReporter -->
<testsuite skipped="0" hostname="Fatemas-MacBook-Pro.local" name="screenshots.ScreenShot" tests="1" failures="0" timestamp="02 Nov 2017 15:56:22 GMT" time="4.481" errors="0">
  <testcase name="captureScreenShot" time="4.481" classname="screenshots.ScreenShot"/>
</testsuite> <!-- screenshots.ScreenShot -->
